#
# There is insufficient memory for the Java Runtime Environment to continue.
# Native memory allocation (malloc) failed to allocate 170816 bytes for Chunk::new
# Possible reasons:
#   The system is out of physical RAM or swap space
#   The process is running with CompressedOops enabled, and the Java Heap may be blocking the growth of the native heap
# Possible solutions:
#   Reduce memory load on the system
#   Increase physical memory or swap space
#   Check if swap backing store is full
#   Decrease Java heap size (-Xmx/-Xms)
#   Decrease number of Java threads
#   Decrease Java thread stack sizes (-Xss)
#   Set larger code cache with -XX:ReservedCodeCacheSize=
#   JVM is running with Unscaled Compressed Oops mode in which the Java heap is
#     placed in the first 4GB address space. The Java Heap base address is the
#     maximum limit for the native heap growth. Please use -XX:HeapBaseMinAddress
#     to set the Java Heap base and to place the Java Heap above 4GB virtual address.
# This output file may be truncated or incomplete.
#
#  Out of Memory Error (arena.cpp:189), pid=72848, tid=74236
#
# JRE version: Java(TM) SE Runtime Environment (17.0.2+8) (build 17.0.2+8-LTS-86)
# Java VM: Java HotSpot(TM) 64-Bit Server VM (17.0.2+8-LTS-86, mixed mode, sharing, tiered, compressed oops, compressed class ptrs, g1 gc, windows-amd64)
# No core dump will be written. Minidumps are not enabled by default on client versions of Windows
#

---------------  S U M M A R Y ------------

Command Line: -Xmx64m -Xms64m -Dorg.gradle.appname=gradlew org.gradle.wrapper.GradleWrapperMain app:installDebug -PreactNativeDevServerPort=8081

Host: AMD Ryzen 7 5800H with Radeon Graphics         , 16 cores, 13G,  Windows 11 , 64 bit Build 23620 (10.0.23620.1000)
Time: Sat Feb 10 22:09:57 2024 China Standard Time elapsed time: 64.211712 seconds (0d 0h 1m 4s)

---------------  T H R E A D  ---------------

Current thread (0x000001e6210b67c0):  JavaThread "C2 CompilerThread0" daemon [_thread_in_native, id=74236, stack(0x0000008996500000,0x0000008996600000)]


Current CompileTask:
C2:  64211 1564 % !   4       java.io.BufferedReader::readLine @ 139 (327 bytes)

Stack: [0x0000008996500000,0x0000008996600000]
Native frames: (J=compiled Java code, j=interpreted, Vv=VM code, C=native code)
V  [jvm.dll+0x670baa]
V  [jvm.dll+0x7cfcb4]
V  [jvm.dll+0x7d145e]
V  [jvm.dll+0x7d1ac3]
V  [jvm.dll+0x242bc5]
V  [jvm.dll+0xaa57b]
V  [jvm.dll+0xaab0c]
V  [jvm.dll+0x2a991f]
V  [jvm.dll+0x5792d9]
V  [jvm.dll+0x21de3d]
V  [jvm.dll+0x21e21f]
V  [jvm.dll+0x217ae5]
V  [jvm.dll+0x214fab]
V  [jvm.dll+0x1a1bbd]
V  [jvm.dll+0x224908]
V  [jvm.dll+0x222a6c]
V  [jvm.dll+0x7859bb]
V  [jvm.dll+0x77ff7a]
V  [jvm.dll+0x66fa35]
C  [ucrtbase.dll+0x29363]
C  [KERNEL32.DLL+0x1257d]
C  [ntdll.dll+0x5aa58]


---------------  P R O C E S S  ---------------

Threads class SMR info:
_java_thread_list=0x000001e62298f930, length=15, elements={
0x000001e606ed8a80, 0x000001e606f95810, 0x000001e606f96680, 0x000001e6210b0c00,
0x000001e6210b36c0, 0x000001e6210b5080, 0x000001e6210b5a30, 0x000001e6210b67c0,
0x000001e6210ba760, 0x000001e6210c5170, 0x000001e621c9f3a0, 0x000001e621ca3f30,
0x000001e6225f9d00, 0x000001e622984010, 0x000001e622984520
}

Java Threads: ( => current thread )
  0x000001e606ed8a80 JavaThread "main" [_thread_in_vm, id=73508, stack(0x0000008995800000,0x0000008995900000)]
  0x000001e606f95810 JavaThread "Reference Handler" daemon [_thread_blocked, id=76344, stack(0x0000008995f00000,0x0000008996000000)]
  0x000001e606f96680 JavaThread "Finalizer" daemon [_thread_blocked, id=70472, stack(0x0000008996000000,0x0000008996100000)]
  0x000001e6210b0c00 JavaThread "Signal Dispatcher" daemon [_thread_blocked, id=72448, stack(0x0000008996100000,0x0000008996200000)]
  0x000001e6210b36c0 JavaThread "Attach Listener" daemon [_thread_blocked, id=69752, stack(0x0000008996200000,0x0000008996300000)]
  0x000001e6210b5080 JavaThread "Service Thread" daemon [_thread_blocked, id=71944, stack(0x0000008996300000,0x0000008996400000)]
  0x000001e6210b5a30 JavaThread "Monitor Deflation Thread" daemon [_thread_blocked, id=69244, stack(0x0000008996400000,0x0000008996500000)]
=>0x000001e6210b67c0 JavaThread "C2 CompilerThread0" daemon [_thread_in_native, id=74236, stack(0x0000008996500000,0x0000008996600000)]
  0x000001e6210ba760 JavaThread "C1 CompilerThread0" daemon [_thread_blocked, id=68820, stack(0x0000008996600000,0x0000008996700000)]
  0x000001e6210c5170 JavaThread "Sweeper thread" daemon [_thread_blocked, id=75912, stack(0x0000008996700000,0x0000008996800000)]
  0x000001e621c9f3a0 JavaThread "Notification Thread" daemon [_thread_blocked, id=62948, stack(0x0000008996a00000,0x0000008996b00000)]
  0x000001e621ca3f30 JavaThread "Common-Cleaner" daemon [_thread_blocked, id=47408, stack(0x0000008996c00000,0x0000008996d00000)]
  0x000001e6225f9d00 JavaThread "pool-1-thread-1" [_thread_blocked, id=71364, stack(0x0000008997100000,0x0000008997200000)]
  0x000001e622984010 JavaThread "C2 CompilerThread1" daemon [_thread_in_native, id=72500, stack(0x0000008995500000,0x0000008995600000)]
  0x000001e622984520 JavaThread "C2 CompilerThread2" daemon [_thread_in_native, id=5452, stack(0x0000008995600000,0x0000008995700000)]

Other Threads:
  0x000001e606f8f810 VMThread "VM Thread" [stack: 0x0000008995e00000,0x0000008995f00000] [id=76580]
  0x000001e621ca3890 WatcherThread [stack: 0x0000008996b00000,0x0000008996c00000] [id=50396]
  0x000001e606ef8390 GCTaskThread "GC Thread#0" [stack: 0x0000008995900000,0x0000008995a00000] [id=69252]
  0x000001e6225c5b00 GCTaskThread "GC Thread#1" [stack: 0x0000008996d00000,0x0000008996e00000] [id=74472]
  0x000001e622653160 GCTaskThread "GC Thread#2" [stack: 0x0000008996e00000,0x0000008996f00000] [id=70364]
  0x000001e6227febe0 GCTaskThread "GC Thread#3" [stack: 0x0000008996f00000,0x0000008997000000] [id=52268]
  0x000001e62260fd50 GCTaskThread "GC Thread#4" [stack: 0x0000008997000000,0x0000008997100000] [id=67684]
  0x000001e606ef9ad0 ConcurrentGCThread "G1 Main Marker" [stack: 0x0000008995a00000,0x0000008995b00000] [id=76272]
  0x000001e606efa4e0 ConcurrentGCThread "G1 Conc#0" [stack: 0x0000008995b00000,0x0000008995c00000] [id=68684]
  0x000001e606f6e9a0 ConcurrentGCThread "G1 Refine#0" [stack: 0x0000008995c00000,0x0000008995d00000] [id=51568]
  0x000001e606f6f3c0 ConcurrentGCThread "G1 Service" [stack: 0x0000008995d00000,0x0000008995e00000] [id=68464]

Threads with active compile tasks:
C2 CompilerThread0    64258 1564 % !   4       java.io.BufferedReader::readLine @ 139 (327 bytes)
C2 CompilerThread1    64258 1590       4       org.gradle.internal.logging.text.AbstractLineChoppingStyledTextOutput$1::execute (9 bytes)
C2 CompilerThread2    64258 1588       4       org.gradle.internal.logging.text.AbstractLineChoppingStyledTextOutput$StateContext::isCurrentCharEquals (70 bytes)

VM state: not at safepoint (normal execution)

VM Mutex/Monitor currently owned by a thread:  ([mutex/lock_event])
[0x000001e604c390d0] Metaspace_lock - owner thread: 0x000001e606ed8a80

Heap address: 0x00000000fc000000, size: 64 MB, Compressed Oops mode: 32-bit

CDS archive(s) mapped at: [0x0000000800000000-0x0000000800bc0000-0x0000000800bc0000), size 12320768, SharedBaseAddress: 0x0000000800000000, ArchiveRelocationMode: 0.
Compressed class space mapped at: 0x0000000800c00000-0x0000000840c00000, reserved size: 1073741824
Narrow klass base: 0x0000000800000000, Narrow klass shift: 0, Narrow klass range: 0x100000000

GC Precious Log:
 CPUs: 16 total, 16 available
 Memory: 14188M
 Large Page Support: Disabled
 NUMA Support: Disabled
 Compressed Oops: Enabled (32-bit)
 Heap Region Size: 1M
 Heap Min Capacity: 64M
 Heap Initial Capacity: 64M
 Heap Max Capacity: 64M
 Pre-touch: Disabled
 Parallel Workers: 13
 Concurrent Workers: 3
 Concurrent Refinement Workers: 13
 Periodic GC: Disabled

Heap:
 garbage-first heap   total 65536K, used 28984K [0x00000000fc000000, 0x0000000100000000)
  region size 1024K, 22 young (22528K), 3 survivors (3072K)
 Metaspace       used 8781K, committed 8896K, reserved 1056768K
  class space    used 1157K, committed 1216K, reserved 1048576K

Heap Regions: E=young(eden), S=young(survivor), O=old, HS=humongous(starts), HC=humongous(continues), CS=collection set, F=free, OA=open archive, CA=closed archive, TAMS=top-at-mark-start (previous, next)
|   0|0x00000000fc000000, 0x00000000fc100000, 0x00000000fc100000|100%|HS|  |TAMS 0x00000000fc000000, 0x00000000fc000000| Complete 
|   1|0x00000000fc100000, 0x00000000fc200000, 0x00000000fc200000|100%|HC|  |TAMS 0x00000000fc100000, 0x00000000fc100000| Complete 
|   2|0x00000000fc200000, 0x00000000fc300000, 0x00000000fc300000|100%|HC|  |TAMS 0x00000000fc200000, 0x00000000fc200000| Complete 
|   3|0x00000000fc300000, 0x00000000fc400000, 0x00000000fc400000|100%|HC|  |TAMS 0x00000000fc300000, 0x00000000fc300000| Complete 
|   4|0x00000000fc400000, 0x00000000fc500000, 0x00000000fc500000|100%| O|  |TAMS 0x00000000fc400000, 0x00000000fc400000| Untracked 
|   5|0x00000000fc500000, 0x00000000fc600000, 0x00000000fc600000|100%| O|  |TAMS 0x00000000fc500000, 0x00000000fc500000| Untracked 
|   6|0x00000000fc600000, 0x00000000fc700000, 0x00000000fc700000|100%| O|  |TAMS 0x00000000fc600000, 0x00000000fc600000| Untracked 
|   7|0x00000000fc700000, 0x00000000fc74e000, 0x00000000fc800000| 30%| O|  |TAMS 0x00000000fc700000, 0x00000000fc700000| Untracked 
|   8|0x00000000fc800000, 0x00000000fc800000, 0x00000000fc900000|  0%| F|  |TAMS 0x00000000fc800000, 0x00000000fc800000| Untracked 
|   9|0x00000000fc900000, 0x00000000fc900000, 0x00000000fca00000|  0%| F|  |TAMS 0x00000000fc900000, 0x00000000fc900000| Untracked 
|  10|0x00000000fca00000, 0x00000000fca00000, 0x00000000fcb00000|  0%| F|  |TAMS 0x00000000fca00000, 0x00000000fca00000| Untracked 
|  11|0x00000000fcb00000, 0x00000000fcb00000, 0x00000000fcc00000|  0%| F|  |TAMS 0x00000000fcb00000, 0x00000000fcb00000| Untracked 
|  12|0x00000000fcc00000, 0x00000000fcc00000, 0x00000000fcd00000|  0%| F|  |TAMS 0x00000000fcc00000, 0x00000000fcc00000| Untracked 
|  13|0x00000000fcd00000, 0x00000000fcd00000, 0x00000000fce00000|  0%| F|  |TAMS 0x00000000fcd00000, 0x00000000fcd00000| Untracked 
|  14|0x00000000fce00000, 0x00000000fce00000, 0x00000000fcf00000|  0%| F|  |TAMS 0x00000000fce00000, 0x00000000fce00000| Untracked 
|  15|0x00000000fcf00000, 0x00000000fcf00000, 0x00000000fd000000|  0%| F|  |TAMS 0x00000000fcf00000, 0x00000000fcf00000| Untracked 
|  16|0x00000000fd000000, 0x00000000fd000000, 0x00000000fd100000|  0%| F|  |TAMS 0x00000000fd000000, 0x00000000fd000000| Untracked 
|  17|0x00000000fd100000, 0x00000000fd100000, 0x00000000fd200000|  0%| F|  |TAMS 0x00000000fd100000, 0x00000000fd100000| Untracked 
|  18|0x00000000fd200000, 0x00000000fd200000, 0x00000000fd300000|  0%| F|  |TAMS 0x00000000fd200000, 0x00000000fd200000| Untracked 
|  19|0x00000000fd300000, 0x00000000fd300000, 0x00000000fd400000|  0%| F|  |TAMS 0x00000000fd300000, 0x00000000fd300000| Untracked 
|  20|0x00000000fd400000, 0x00000000fd400000, 0x00000000fd500000|  0%| F|  |TAMS 0x00000000fd400000, 0x00000000fd400000| Untracked 
|  21|0x00000000fd500000, 0x00000000fd500000, 0x00000000fd600000|  0%| F|  |TAMS 0x00000000fd500000, 0x00000000fd500000| Untracked 
|  22|0x00000000fd600000, 0x00000000fd600000, 0x00000000fd700000|  0%| F|  |TAMS 0x00000000fd600000, 0x00000000fd600000| Untracked 
|  23|0x00000000fd700000, 0x00000000fd700000, 0x00000000fd800000|  0%| F|  |TAMS 0x00000000fd700000, 0x00000000fd700000| Untracked 
|  24|0x00000000fd800000, 0x00000000fd800000, 0x00000000fd900000|  0%| F|  |TAMS 0x00000000fd800000, 0x00000000fd800000| Untracked 
|  25|0x00000000fd900000, 0x00000000fd900000, 0x00000000fda00000|  0%| F|  |TAMS 0x00000000fd900000, 0x00000000fd900000| Untracked 
|  26|0x00000000fda00000, 0x00000000fda00000, 0x00000000fdb00000|  0%| F|  |TAMS 0x00000000fda00000, 0x00000000fda00000| Untracked 
|  27|0x00000000fdb00000, 0x00000000fdb00000, 0x00000000fdc00000|  0%| F|  |TAMS 0x00000000fdb00000, 0x00000000fdb00000| Untracked 
|  28|0x00000000fdc00000, 0x00000000fdc00000, 0x00000000fdd00000|  0%| F|  |TAMS 0x00000000fdc00000, 0x00000000fdc00000| Untracked 
|  29|0x00000000fdd00000, 0x00000000fdd00000, 0x00000000fde00000|  0%| F|  |TAMS 0x00000000fdd00000, 0x00000000fdd00000| Untracked 
|  30|0x00000000fde00000, 0x00000000fde00000, 0x00000000fdf00000|  0%| F|  |TAMS 0x00000000fde00000, 0x00000000fde00000| Untracked 
|  31|0x00000000fdf00000, 0x00000000fdf00000, 0x00000000fe000000|  0%| F|  |TAMS 0x00000000fdf00000, 0x00000000fdf00000| Untracked 
|  32|0x00000000fe000000, 0x00000000fe000000, 0x00000000fe100000|  0%| F|  |TAMS 0x00000000fe000000, 0x00000000fe000000| Untracked 
|  33|0x00000000fe100000, 0x00000000fe100000, 0x00000000fe200000|  0%| F|  |TAMS 0x00000000fe100000, 0x00000000fe100000| Untracked 
|  34|0x00000000fe200000, 0x00000000fe200000, 0x00000000fe300000|  0%| F|  |TAMS 0x00000000fe200000, 0x00000000fe200000| Untracked 
|  35|0x00000000fe300000, 0x00000000fe300000, 0x00000000fe400000|  0%| F|  |TAMS 0x00000000fe300000, 0x00000000fe300000| Untracked 
|  36|0x00000000fe400000, 0x00000000fe400000, 0x00000000fe500000|  0%| F|  |TAMS 0x00000000fe400000, 0x00000000fe400000| Untracked 
|  37|0x00000000fe500000, 0x00000000fe500000, 0x00000000fe600000|  0%| F|  |TAMS 0x00000000fe500000, 0x00000000fe500000| Untracked 
|  38|0x00000000fe600000, 0x00000000fe700000, 0x00000000fe700000|100%| S|CS|TAMS 0x00000000fe600000, 0x00000000fe600000| Complete 
|  39|0x00000000fe700000, 0x00000000fe800000, 0x00000000fe800000|100%| S|CS|TAMS 0x00000000fe700000, 0x00000000fe700000| Complete 
|  40|0x00000000fe800000, 0x00000000fe900000, 0x00000000fe900000|100%| S|CS|TAMS 0x00000000fe800000, 0x00000000fe800000| Complete 
|  41|0x00000000fe900000, 0x00000000fe900000, 0x00000000fea00000|  0%| F|  |TAMS 0x00000000fe900000, 0x00000000fe900000| Untracked 
|  42|0x00000000fea00000, 0x00000000fea00000, 0x00000000feb00000|  0%| F|  |TAMS 0x00000000fea00000, 0x00000000fea00000| Untracked 
|  43|0x00000000feb00000, 0x00000000feb00000, 0x00000000fec00000|  0%| F|  |TAMS 0x00000000feb00000, 0x00000000feb00000| Untracked 
|  44|0x00000000fec00000, 0x00000000fec00000, 0x00000000fed00000|  0%| F|  |TAMS 0x00000000fec00000, 0x00000000fec00000| Untracked 
|  45|0x00000000fed00000, 0x00000000fed71250, 0x00000000fee00000| 44%| E|  |TAMS 0x00000000fed00000, 0x00000000fed00000| Complete 
|  46|0x00000000fee00000, 0x00000000fef00000, 0x00000000fef00000|100%| E|CS|TAMS 0x00000000fee00000, 0x00000000fee00000| Complete 
|  47|0x00000000fef00000, 0x00000000ff000000, 0x00000000ff000000|100%| E|CS|TAMS 0x00000000fef00000, 0x00000000fef00000| Complete 
|  48|0x00000000ff000000, 0x00000000ff100000, 0x00000000ff100000|100%| E|CS|TAMS 0x00000000ff000000, 0x00000000ff000000| Complete 
|  49|0x00000000ff100000, 0x00000000ff200000, 0x00000000ff200000|100%| E|CS|TAMS 0x00000000ff100000, 0x00000000ff100000| Complete 
|  50|0x00000000ff200000, 0x00000000ff300000, 0x00000000ff300000|100%| E|CS|TAMS 0x00000000ff200000, 0x00000000ff200000| Complete 
|  51|0x00000000ff300000, 0x00000000ff400000, 0x00000000ff400000|100%| E|CS|TAMS 0x00000000ff300000, 0x00000000ff300000| Complete 
|  52|0x00000000ff400000, 0x00000000ff500000, 0x00000000ff500000|100%| E|CS|TAMS 0x00000000ff400000, 0x00000000ff400000| Complete 
|  53|0x00000000ff500000, 0x00000000ff600000, 0x00000000ff600000|100%| E|CS|TAMS 0x00000000ff500000, 0x00000000ff500000| Complete 
|  54|0x00000000ff600000, 0x00000000ff700000, 0x00000000ff700000|100%| E|CS|TAMS 0x00000000ff600000, 0x00000000ff600000| Complete 
|  55|0x00000000ff700000, 0x00000000ff800000, 0x00000000ff800000|100%| E|CS|TAMS 0x00000000ff700000, 0x00000000ff700000| Complete 
|  56|0x00000000ff800000, 0x00000000ff900000, 0x00000000ff900000|100%| E|CS|TAMS 0x00000000ff800000, 0x00000000ff800000| Complete 
|  57|0x00000000ff900000, 0x00000000ffa00000, 0x00000000ffa00000|100%| E|CS|TAMS 0x00000000ff900000, 0x00000000ff900000| Complete 
|  58|0x00000000ffa00000, 0x00000000ffb00000, 0x00000000ffb00000|100%| E|CS|TAMS 0x00000000ffa00000, 0x00000000ffa00000| Complete 
|  59|0x00000000ffb00000, 0x00000000ffc00000, 0x00000000ffc00000|100%| E|CS|TAMS 0x00000000ffb00000, 0x00000000ffb00000| Complete 
|  60|0x00000000ffc00000, 0x00000000ffd00000, 0x00000000ffd00000|100%| E|CS|TAMS 0x00000000ffc00000, 0x00000000ffc00000| Complete 
|  61|0x00000000ffd00000, 0x00000000ffe00000, 0x00000000ffe00000|100%| E|CS|TAMS 0x00000000ffd00000, 0x00000000ffd00000| Complete 
|  62|0x00000000ffe00000, 0x00000000fff00000, 0x00000000fff00000|100%| E|CS|TAMS 0x00000000ffe00000, 0x00000000ffe00000| Complete 
|  63|0x00000000fff00000, 0x0000000100000000, 0x0000000100000000|100%| E|CS|TAMS 0x00000000fff00000, 0x00000000fff00000| Complete 

Card table byte_map: [0x000001e604e90000,0x000001e604eb0000] _byte_map_base: 0x000001e6046b0000

Marking Bits (Prev, Next): (CMBitMap*) 0x000001e606ef89a0, (CMBitMap*) 0x000001e606ef89e0
 Prev Bits: [0x000001e61dfb0000, 0x000001e61e0b0000)
 Next Bits: [0x000001e61e0b0000, 0x000001e61e1b0000)

Polling page: 0x000001e604e40000

Metaspace:

Usage:
  Non-class:      7.45 MB used.
      Class:      1.13 MB used.
       Both:      8.58 MB used.

Virtual space:
  Non-class space:        8.00 MB reserved,       7.50 MB ( 94%) committed,  1 nodes.
      Class space:        1.00 GB reserved,       1.19 MB ( <1%) committed,  1 nodes.
             Both:        1.01 GB reserved,       8.69 MB ( <1%) committed. 

Chunk freelists:
   Non-Class:  112.00 KB
       Class:  2.65 MB
        Both:  2.76 MB

MaxMetaspaceSize: unlimited
CompressedClassSpaceSize: 1.00 GB
Initial GC threshold: 21.00 MB
Current GC threshold: 21.00 MB
CDS: on
MetaspaceReclaimPolicy: balanced
 - commit_granule_bytes: 65536.
 - commit_granule_words: 8192.
 - virtual_space_node_default_size: 1048576.
 - enlarge_chunks_in_place: 1.
 - new_chunks_are_fully_committed: 0.
 - uncommit_free_chunks: 1.
 - use_allocation_guard: 0.
 - handle_deallocations: 1.


Internal statistics:

num_allocs_failed_limit: 0.
num_arena_births: 78.
num_arena_deaths: 0.
num_vsnodes_births: 2.
num_vsnodes_deaths: 0.
num_space_committed: 139.
num_space_uncommitted: 0.
num_chunks_returned_to_freelist: 0.
num_chunks_taken_from_freelist: 304.
num_chunk_merges: 0.
num_chunk_splits: 211.
num_chunks_enlarged: 176.
num_purges: 0.
num_inconsistent_stats: 0.

CodeHeap 'non-profiled nmethods': size=119168Kb used=512Kb max_used=512Kb free=118655Kb
 bounds [0x000001e6162c0000, 0x000001e616530000, 0x000001e61d720000]
CodeHeap 'profiled nmethods': size=119104Kb used=3072Kb max_used=3072Kb free=116031Kb
 bounds [0x000001e60ee70000, 0x000001e60f180000, 0x000001e6162c0000]
CodeHeap 'non-nmethods': size=7488Kb used=1168Kb max_used=2307Kb free=6319Kb
 bounds [0x000001e60e720000, 0x000001e60e990000, 0x000001e60ee70000]
 total_blobs=2049 nmethods=1585 adapters=377
 compilation: enabled
              stopped_count=0, restarted_count=0
 full_count=0

Compilation events (20 events):
Event: 64.203 Thread 0x000001e6210ba760 1566       3       java.util.LinkedList::isPositionIndex (18 bytes)
Event: 64.203 Thread 0x000001e6210ba760 nmethod 1566 0x000001e60f168410 code [0x000001e60f1685a0, 0x000001e60f168738]
Event: 64.203 Thread 0x000001e6210ba760 1567       3       java.util.LinkedList::node (65 bytes)
Event: 64.204 Thread 0x000001e6210ba760 nmethod 1567 0x000001e60f168810 code [0x000001e60f1689c0, 0x000001e60f168c98]
Event: 64.204 Thread 0x000001e6210ba760 1568       3       org.gradle.util.internal.LimitedDescription::append (33 bytes)
Event: 64.204 Thread 0x000001e6210ba760 nmethod 1568 0x000001e60f168e10 code [0x000001e60f169060, 0x000001e60f1697c8]
Event: 64.204 Thread 0x000001e6210ba760 1569       3       java.util.LinkedList::add (32 bytes)
Event: 64.204 Thread 0x000001e6210ba760 nmethod 1569 0x000001e60f169b10 code [0x000001e60f169d20, 0x000001e60f16a208]
Event: 64.204 Thread 0x000001e6210ba760 1570       3       java.util.LinkedList::linkBefore (63 bytes)
Event: 64.205 Thread 0x000001e6210ba760 nmethod 1570 0x000001e60f16a410 code [0x000001e60f16a5e0, 0x000001e60f16aa98]
Event: 64.205 Thread 0x000001e6210ba760 1571       3       java.util.LinkedList::removeLast (23 bytes)
Event: 64.205 Thread 0x000001e6210ba760 nmethod 1571 0x000001e60f16ac10 code [0x000001e60f16adc0, 0x000001e60f16b018]
Event: 64.205 Thread 0x000001e6210ba760 1572       3       java.util.LinkedList::unlinkLast (64 bytes)
Event: 64.205 Thread 0x000001e6210ba760 nmethod 1572 0x000001e60f16b110 code [0x000001e60f16b2c0, 0x000001e60f16b558]
Event: 64.206 Thread 0x000001e6210ba760 1573       3       java.lang.AbstractStringBuilder::appendChars (130 bytes)
Event: 64.206 Thread 0x000001e6210ba760 nmethod 1573 0x000001e60f16b690 code [0x000001e60f16b880, 0x000001e60f16be28]
Event: 64.207 Thread 0x000001e6210ba760 1575       1       java.nio.Buffer::capacity (5 bytes)
Event: 64.207 Thread 0x000001e6210ba760 nmethod 1575 0x000001e61633f590 code [0x000001e61633f720, 0x000001e61633f7f8]
Event: 64.207 Thread 0x000001e6210ba760 1576       3       java.nio.HeapByteBuffer::ix (7 bytes)
Event: 64.207 Thread 0x000001e6210ba760 nmethod 1576 0x000001e60f16c090 code [0x000001e60f16c220, 0x000001e60f16c338]

GC Heap History (2 events):
Event: 0.652 GC heap before
{Heap before GC invocations=0 (full 0):
 garbage-first heap   total 65536K, used 26624K [0x00000000fc000000, 0x0000000100000000)
  region size 1024K, 23 young (23552K), 0 survivors (0K)
 Metaspace       used 3405K, committed 3584K, reserved 1056768K
  class space    used 395K, committed 448K, reserved 1048576K
}
Event: 0.656 GC heap after
{Heap after GC invocations=1 (full 0):
 garbage-first heap   total 65536K, used 10552K [0x00000000fc000000, 0x0000000100000000)
  region size 1024K, 3 young (3072K), 3 survivors (3072K)
 Metaspace       used 3405K, committed 3584K, reserved 1056768K
  class space    used 395K, committed 448K, reserved 1048576K
}

Deoptimization events (20 events):
Event: 0.852 Thread 0x000001e606ed8a80 DEOPT PACKING pc=0x000001e60ef82e38 sp=0x00000089958f6e40
Event: 0.852 Thread 0x000001e606ed8a80 DEOPT UNPACKING pc=0x000001e60e772b43 sp=0x00000089958f6358 mode 0
Event: 0.856 Thread 0x000001e606ed8a80 DEOPT PACKING pc=0x000001e60ef2fce5 sp=0x00000089958f92f0
Event: 0.856 Thread 0x000001e606ed8a80 DEOPT UNPACKING pc=0x000001e60e772b43 sp=0x00000089958f8740 mode 0
Event: 1.053 Thread 0x000001e606ed8a80 Uncommon trap: trap_request=0xffffff45 fr.pc=0x000001e6162f4bd8 relative=0x0000000000000618
Event: 1.053 Thread 0x000001e606ed8a80 Uncommon trap: reason=unstable_if action=reinterpret pc=0x000001e6162f4bd8 method=java.lang.AbstractStringBuilder.append(Ljava/lang/String;)Ljava/lang/AbstractStringBuilder; @ 1 c2
Event: 1.053 Thread 0x000001e606ed8a80 DEOPT PACKING pc=0x000001e6162f4bd8 sp=0x00000089958fc880
Event: 1.053 Thread 0x000001e606ed8a80 DEOPT UNPACKING pc=0x000001e60e7723a3 sp=0x00000089958fc800 mode 2
Event: 1.053 Thread 0x000001e606ed8a80 Uncommon trap: trap_request=0xffffff45 fr.pc=0x000001e6162fb3e8 relative=0x0000000000000628
Event: 1.053 Thread 0x000001e606ed8a80 Uncommon trap: reason=unstable_if action=reinterpret pc=0x000001e6162fb3e8 method=java.lang.AbstractStringBuilder.append(Ljava/lang/String;)Ljava/lang/AbstractStringBuilder; @ 1 c2
Event: 1.053 Thread 0x000001e606ed8a80 DEOPT PACKING pc=0x000001e6162fb3e8 sp=0x00000089958fc820
Event: 1.053 Thread 0x000001e606ed8a80 DEOPT UNPACKING pc=0x000001e60e7723a3 sp=0x00000089958fc808 mode 2
Event: 1.111 Thread 0x000001e606ed8a80 Uncommon trap: trap_request=0xffffff45 fr.pc=0x000001e61630bbf4 relative=0x0000000000000414
Event: 1.111 Thread 0x000001e606ed8a80 Uncommon trap: reason=unstable_if action=reinterpret pc=0x000001e61630bbf4 method=java.util.regex.Matcher.match(II)Z @ 76 c2
Event: 1.111 Thread 0x000001e606ed8a80 DEOPT PACKING pc=0x000001e61630bbf4 sp=0x00000089958fbb50
Event: 1.111 Thread 0x000001e606ed8a80 DEOPT UNPACKING pc=0x000001e60e7723a3 sp=0x00000089958fbb08 mode 2
Event: 1.114 Thread 0x000001e606ed8a80 Uncommon trap: trap_request=0xffffff45 fr.pc=0x000001e6162c8f7c relative=0x000000000000007c
Event: 1.114 Thread 0x000001e606ed8a80 Uncommon trap: reason=unstable_if action=reinterpret pc=0x000001e6162c8f7c method=java.lang.String.charAt(I)C @ 4 c2
Event: 1.114 Thread 0x000001e606ed8a80 DEOPT PACKING pc=0x000001e6162c8f7c sp=0x00000089958fc900
Event: 1.114 Thread 0x000001e606ed8a80 DEOPT UNPACKING pc=0x000001e60e7723a3 sp=0x00000089958fc8a0 mode 2

Classes unloaded (0 events):
No events

Classes redefined (0 events):
No events

Internal exceptions (19 events):
Event: 0.168 Thread 0x000001e606ed8a80 Exception <a 'java/lang/NoSuchMethodError'{0x00000000ffb9a4c0}: 'int java.lang.invoke.DirectMethodHandle$Holder.invokeStaticInit(java.lang.Object, java.lang.Object)'> (0x00000000ffb9a4c0) 
thrown [t:\workspace\open\src\hotspot\share\interpreter\linkResolver.cpp, line 766]
Event: 0.663 Thread 0x000001e606ed8a80 Exception <a 'java/lang/NoSuchMethodError'{0x00000000fff56d28}: 'void java.lang.invoke.DirectMethodHandle$Holder.invokeStatic(java.lang.Object, java.lang.Object)'> (0x00000000fff56d28) 
thrown [t:\workspace\open\src\hotspot\share\interpreter\linkResolver.cpp, line 766]
Event: 0.680 Thread 0x000001e606ed8a80 Exception <a 'java/lang/NoClassDefFoundError'{0x00000000fffde730}: org/slf4j/impl/StaticMarkerBinder> (0x00000000fffde730) 
thrown [t:\workspace\open\src\hotspot\share\classfile\systemDictionary.cpp, line 245]
Event: 0.692 Thread 0x000001e606ed8a80 Exception <a 'java/lang/NoSuchMethodError'{0x00000000ffe96de8}: 'java.lang.Object java.lang.invoke.DirectMethodHandle$Holder.invokeVirtual(java.lang.Object, java.lang.Object, java.lang.Object, java.lang.Object, java.lang.Object, java.lang.Object, java.lang.Object)'> (0x00000000ffe96de8) 
thrown [t:\workspace\open\src\hotspot\share\interpreter\linkResolver.cpp, line 766]
Event: 0.694 Thread 0x000001e606ed8a80 Exception <a 'java/lang/NoSuchMethodError'{0x00000000ffea83a8}: 'java.lang.Object java.lang.invoke.Invokers$Holder.invoker(java.lang.Object, java.lang.Object, java.lang.Object)'> (0x00000000ffea83a8) 
thrown [t:\workspace\open\src\hotspot\share\interpreter\linkResolver.cpp, line 766]
Event: 0.695 Thread 0x000001e606ed8a80 Exception <a 'java/lang/NoSuchMethodError'{0x00000000ffeb1580}: 'java.lang.Object java.lang.invoke.DirectMethodHandle$Holder.invokeStatic(java.lang.Object, java.lang.Object, int)'> (0x00000000ffeb1580) 
thrown [t:\workspace\open\src\hotspot\share\interpreter\linkResolver.cpp, line 766]
Event: 0.696 Thread 0x000001e606ed8a80 Exception <a 'java/lang/NoSuchMethodError'{0x00000000ffebd270}: 'void java.lang.invoke.DelegatingMethodHandle$Holder.delegate(java.lang.Object, java.lang.Object, int, java.lang.Object)'> (0x00000000ffebd270) 
thrown [t:\workspace\open\src\hotspot\share\interpreter\linkResolver.cpp, line 766]
Event: 0.697 Thread 0x000001e606ed8a80 Exception <a 'java/lang/NoSuchMethodError'{0x00000000ffec1438}: 'int java.lang.invoke.DirectMethodHandle$Holder.invokeSpecial(java.lang.Object, java.lang.Object, java.lang.Object)'> (0x00000000ffec1438) 
thrown [t:\workspace\open\src\hotspot\share\interpreter\linkResolver.cpp, line 766]
Event: 0.699 Thread 0x000001e606ed8a80 Exception <a 'java/lang/NoSuchMethodError'{0x00000000ffed4580}: 'java.lang.Object java.lang.invoke.Invokers$Holder.invokeExact_MT(java.lang.Object, java.lang.Object, java.lang.Object, java.lang.Object)'> (0x00000000ffed4580) 
thrown [t:\workspace\open\src\hotspot\share\interpreter\linkResolver.cpp, line 766]
Event: 0.789 Thread 0x000001e606ed8a80 Exception <a 'java/lang/NoSuchMethodError'{0x00000000ff82fb68}: 'void java.lang.invoke.DirectMethodHandle$Holder.invokeSpecial(java.lang.Object, java.lang.Object, java.lang.Object)'> (0x00000000ff82fb68) 
thrown [t:\workspace\open\src\hotspot\share\interpreter\linkResolver.cpp, line 766]
Event: 0.797 Thread 0x000001e606ed8a80 Implicit null exception at 0x000001e616316b0c to 0x000001e616317050
Event: 0.797 Thread 0x000001e606ed8a80 Implicit null exception at 0x000001e6162fcc8f to 0x000001e6162fd1e4
Event: 0.813 Thread 0x000001e606ed8a80 Exception <a 'java/lang/NoSuchMethodError'{0x00000000ff77d6e8}: 'java.lang.Object java.lang.invoke.DirectMethodHandle$Holder.invokeStaticInit(java.lang.Object)'> (0x00000000ff77d6e8) 
thrown [t:\workspace\open\src\hotspot\share\interpreter\linkResolver.cpp, line 766]
Event: 0.881 Thread 0x000001e606ed8a80 Exception <a 'java/lang/NoSuchMethodError'{0x00000000ff352280}: 'java.lang.Object java.lang.invoke.DirectMethodHandle$Holder.invokeStaticInit(java.lang.Object, int, int, int, int)'> (0x00000000ff352280) 
thrown [t:\workspace\open\src\hotspot\share\interpreter\linkResolver.cpp, line 766]
Event: 0.935 Thread 0x000001e606ed8a80 Exception <a 'java/lang/NoSuchMethodError'{0x00000000ff3f3778}: 'java.lang.Object java.lang.invoke.DirectMethodHandle$Holder.invokeStaticInit(java.lang.Object, java.lang.Object, int, int, int, int)'> (0x00000000ff3f3778) 
thrown [t:\workspace\open\src\hotspot\share\interpreter\linkResolver.cpp, line 766]
Event: 1.039 Thread 0x000001e606ed8a80 Exception <a 'java/lang/NoSuchMethodError'{0x00000000ff221670}: 'void java.lang.invoke.DirectMethodHandle$Holder.invokeStatic(java.lang.Object, java.lang.Object, java.lang.Object)'> (0x00000000ff221670) 
thrown [t:\workspace\open\src\hotspot\share\interpreter\linkResolver.cpp, line 766]
Event: 1.053 Thread 0x000001e606ed8a80 Implicit null exception at 0x000001e6162f45f2 to 0x000001e6162f4bc0
Event: 1.053 Thread 0x000001e606ed8a80 Implicit null exception at 0x000001e6162fadf2 to 0x000001e6162fb3d0
Event: 64.193 Thread 0x000001e606ed8a80 Exception <a 'sun/net/ConnectionResetException'{0x00000000fef8de00}: Connection reset> (0x00000000fef8de00) 
thrown [t:\workspace\open\src\hotspot\share\prims\jni.cpp, line 535]

VM Operations (20 events):
Event: 1.928 Executing VM operation: Cleanup
Event: 1.928 Executing VM operation: Cleanup done
Event: 6.930 Executing VM operation: Cleanup
Event: 6.930 Executing VM operation: Cleanup done
Event: 19.937 Executing VM operation: Cleanup
Event: 19.937 Executing VM operation: Cleanup done
Event: 30.943 Executing VM operation: Cleanup
Event: 30.943 Executing VM operation: Cleanup done
Event: 52.952 Executing VM operation: Cleanup
Event: 52.952 Executing VM operation: Cleanup done
Event: 53.953 Executing VM operation: Cleanup
Event: 53.953 Executing VM operation: Cleanup done
Event: 54.953 Executing VM operation: Cleanup
Event: 54.953 Executing VM operation: Cleanup done
Event: 55.953 Executing VM operation: Cleanup
Event: 55.954 Executing VM operation: Cleanup done
Event: 64.199 Executing VM operation: HandshakeAllThreads
Event: 64.199 Executing VM operation: HandshakeAllThreads done
Event: 64.199 Executing VM operation: Cleanup
Event: 64.199 Executing VM operation: Cleanup done

Events (20 events):
Event: 7.195 loading class jdk/internal/reflect/ClassFileAssembler done
Event: 7.195 loading class jdk/internal/reflect/UTF8
Event: 7.195 loading class jdk/internal/reflect/UTF8 done
Event: 7.195 loading class jdk/internal/reflect/Label
Event: 7.195 loading class jdk/internal/reflect/Label done
Event: 7.195 loading class jdk/internal/reflect/Label$PatchInfo
Event: 7.195 loading class jdk/internal/reflect/Label$PatchInfo done
Event: 7.195 loading class jdk/internal/reflect/MethodAccessorGenerator$1
Event: 7.195 loading class jdk/internal/reflect/MethodAccessorGenerator$1 done
Event: 7.195 loading class jdk/internal/reflect/ClassDefiner
Event: 7.196 loading class jdk/internal/reflect/ClassDefiner done
Event: 7.196 loading class jdk/internal/reflect/ClassDefiner$1
Event: 7.196 loading class jdk/internal/reflect/ClassDefiner$1 done
Event: 52.033 loading class java/util/concurrent/locks/AbstractQueuedSynchronizer$ExclusiveNode
Event: 52.033 loading class java/util/concurrent/locks/AbstractQueuedSynchronizer$ExclusiveNode done
Event: 52.033 Thread 0x000001e62271ed90 Thread exited: 0x000001e62271ed90
Event: 54.643 Thread 0x000001e6227f74f0 Thread added: 0x000001e6227f74f0
Event: 60.441 Thread 0x000001e6227f74f0 Thread exited: 0x000001e6227f74f0
Event: 64.192 loading class sun/net/ConnectionResetException
Event: 64.192 loading class sun/net/ConnectionResetException done


Dynamic libraries:
0x00007ff6511c0000 - 0x00007ff6511d0000 	C:\Program Files\Java\jdk-17.0.2\bin\java.exe
0x00007ffdb47f0000 - 0x00007ffdb4a07000 	C:\WINDOWS\SYSTEM32\ntdll.dll
0x00007ffdb2990000 - 0x00007ffdb2a54000 	C:\WINDOWS\System32\KERNEL32.DLL
0x00007ffdb2060000 - 0x00007ffdb2407000 	C:\WINDOWS\System32\KERNELBASE.dll
0x00007ffdb1cf0000 - 0x00007ffdb1e01000 	C:\WINDOWS\System32\ucrtbase.dll
0x00007ffda0a30000 - 0x00007ffda0a48000 	C:\Program Files\Java\jdk-17.0.2\bin\jli.dll
0x00007ffda0ac0000 - 0x00007ffda0ada000 	C:\Program Files\Java\jdk-17.0.2\bin\VCRUNTIME140.dll
0x00007ffdb2fd0000 - 0x00007ffdb3081000 	C:\WINDOWS\System32\ADVAPI32.dll
0x00007ffdb2530000 - 0x00007ffdb25d7000 	C:\WINDOWS\System32\msvcrt.dll
0x00007ffdb4700000 - 0x00007ffdb47a5000 	C:\WINDOWS\System32\sechost.dll
0x00007ffdb27e0000 - 0x00007ffdb28f7000 	C:\WINDOWS\System32\RPCRT4.dll
0x00007ffdb2e20000 - 0x00007ffdb2fcd000 	C:\WINDOWS\System32\USER32.dll
0x00007ffdb1b50000 - 0x00007ffdb1b76000 	C:\WINDOWS\System32\win32u.dll
0x00007ffdb3320000 - 0x00007ffdb3349000 	C:\WINDOWS\System32\GDI32.dll
0x00007ffdb2410000 - 0x00007ffdb2528000 	C:\WINDOWS\System32\gdi32full.dll
0x00007ffd9d030000 - 0x00007ffd9d2c3000 	C:\WINDOWS\WinSxS\amd64_microsoft.windows.common-controls_6595b64144ccf1df_6.0.23620.1000_none_eeb29d76f9356536\COMCTL32.dll
0x00007ffdb1f40000 - 0x00007ffdb1fda000 	C:\WINDOWS\System32\msvcp_win.dll
0x00007ffdaedc0000 - 0x00007ffdaedca000 	C:\WINDOWS\SYSTEM32\VERSION.dll
0x00007ffdb3480000 - 0x00007ffdb34b1000 	C:\WINDOWS\System32\IMM32.DLL
0x00007ffda9650000 - 0x00007ffda965c000 	C:\Program Files\Java\jdk-17.0.2\bin\vcruntime140_1.dll
0x00007ffd5dac0000 - 0x00007ffd5db4d000 	C:\Program Files\Java\jdk-17.0.2\bin\msvcp140.dll
0x00007ffce9360000 - 0x00007ffce9f21000 	C:\Program Files\Java\jdk-17.0.2\bin\server\jvm.dll
0x00007ffdb3300000 - 0x00007ffdb3308000 	C:\WINDOWS\System32\PSAPI.DLL
0x00007ffd90af0000 - 0x00007ffd90af9000 	C:\WINDOWS\SYSTEM32\WSOCK32.dll
0x00007ffda9990000 - 0x00007ffda99c4000 	C:\WINDOWS\SYSTEM32\WINMM.dll
0x00007ffdb2c90000 - 0x00007ffdb2d01000 	C:\WINDOWS\System32\WS2_32.dll
0x00007ffdb0c00000 - 0x00007ffdb0c18000 	C:\WINDOWS\SYSTEM32\kernel.appcore.dll
0x00007ffda3de0000 - 0x00007ffda3dea000 	C:\Program Files\Java\jdk-17.0.2\bin\jimage.dll
0x00007ffdaf4f0000 - 0x00007ffdaf723000 	C:\WINDOWS\SYSTEM32\DBGHELP.DLL
0x00007ffdb34c0000 - 0x00007ffdb3849000 	C:\WINDOWS\System32\combase.dll
0x00007ffdb33a0000 - 0x00007ffdb3477000 	C:\WINDOWS\System32\OLEAUT32.dll
0x00007ffda5c30000 - 0x00007ffda5c62000 	C:\WINDOWS\SYSTEM32\dbgcore.DLL
0x00007ffdb1fe0000 - 0x00007ffdb205a000 	C:\WINDOWS\System32\bcryptPrimitives.dll
0x00007ffd8bd10000 - 0x00007ffd8bd35000 	C:\Program Files\Java\jdk-17.0.2\bin\java.dll
0x00007ffd4f480000 - 0x00007ffd4f556000 	C:\Program Files\Java\jdk-17.0.2\bin\jsvml.dll
0x00007ffdb3850000 - 0x00007ffdb40a9000 	C:\WINDOWS\System32\SHELL32.dll
0x00007ffdafa10000 - 0x00007ffdb0321000 	C:\WINDOWS\SYSTEM32\windows.storage.dll
0x00007ffdaf8d0000 - 0x00007ffdafa0e000 	C:\WINDOWS\SYSTEM32\wintypes.dll
0x00007ffdb2d10000 - 0x00007ffdb2e03000 	C:\WINDOWS\System32\SHCORE.dll
0x00007ffdb2a60000 - 0x00007ffdb2abe000 	C:\WINDOWS\System32\shlwapi.dll
0x00007ffdb1a80000 - 0x00007ffdb1aa6000 	C:\WINDOWS\SYSTEM32\profapi.dll
0x00007ffd96aa0000 - 0x00007ffd96ab9000 	C:\Program Files\Java\jdk-17.0.2\bin\net.dll
0x00007ffdaa380000 - 0x00007ffdaa4b7000 	C:\WINDOWS\SYSTEM32\WINHTTP.dll
0x00007ffdb1070000 - 0x00007ffdb10d9000 	C:\WINDOWS\system32\mswsock.dll
0x00007ffd91910000 - 0x00007ffd91926000 	C:\Program Files\Java\jdk-17.0.2\bin\nio.dll
0x00007ffd905f0000 - 0x00007ffd90608000 	C:\Program Files\Java\jdk-17.0.2\bin\zip.dll
0x00007ffda0ab0000 - 0x00007ffda0ac0000 	C:\Program Files\Java\jdk-17.0.2\bin\verify.dll
0x00007ffd8c0b0000 - 0x00007ffd8c0d7000 	C:\Users\77090\.gradle\native\68d5fa5c4cc2d200863cafc0d521ce42e7d3e7ee720ec0a83991735586a16f82\windows-amd64\native-platform.dll
0x00007ffd9ba80000 - 0x00007ffd9ba89000 	C:\Program Files\Java\jdk-17.0.2\bin\management.dll
0x00007ffd96b60000 - 0x00007ffd96b6b000 	C:\Program Files\Java\jdk-17.0.2\bin\management_ext.dll
0x00007ffdb1280000 - 0x00007ffdb129b000 	C:\WINDOWS\SYSTEM32\CRYPTSP.dll
0x00007ffdb0b60000 - 0x00007ffdb0b95000 	C:\WINDOWS\system32\rsaenh.dll
0x00007ffdb1120000 - 0x00007ffdb114c000 	C:\WINDOWS\SYSTEM32\USERENV.dll
0x00007ffdb14e0000 - 0x00007ffdb1508000 	C:\WINDOWS\SYSTEM32\bcrypt.dll
0x00007ffdb12a0000 - 0x00007ffdb12ac000 	C:\WINDOWS\SYSTEM32\CRYPTBASE.dll
0x00007ffdb0600000 - 0x00007ffdb062d000 	C:\WINDOWS\SYSTEM32\IPHLPAPI.DLL
0x00007ffdb3310000 - 0x00007ffdb3319000 	C:\WINDOWS\System32\NSI.dll
0x00007ffdaa360000 - 0x00007ffdaa379000 	C:\WINDOWS\SYSTEM32\dhcpcsvc6.DLL
0x00007ffda9fd0000 - 0x00007ffda9fef000 	C:\WINDOWS\SYSTEM32\dhcpcsvc.DLL
0x00007ffdb0630000 - 0x00007ffdb0729000 	C:\WINDOWS\SYSTEM32\DNSAPI.dll
0x00007ffd95b10000 - 0x00007ffd95b1e000 	C:\Program Files\Java\jdk-17.0.2\bin\sunmscapi.dll
0x00007ffdb1b80000 - 0x00007ffdb1ce6000 	C:\WINDOWS\System32\CRYPT32.dll
0x00007ffdb14b0000 - 0x00007ffdb14dd000 	C:\WINDOWS\SYSTEM32\ncrypt.dll
0x00007ffdb1470000 - 0x00007ffdb14a7000 	C:\WINDOWS\SYSTEM32\NTASN1.dll
0x00007ffd92c70000 - 0x00007ffd92c78000 	C:\WINDOWS\system32\wshunix.dll

dbghelp: loaded successfully - version: 4.0.5 - missing functions: none
symbol engine: initialized successfully - sym options: 0x614 - pdb path: .;C:\Program Files\Java\jdk-17.0.2\bin;C:\WINDOWS\SYSTEM32;C:\WINDOWS\WinSxS\amd64_microsoft.windows.common-controls_6595b64144ccf1df_6.0.23620.1000_none_eeb29d76f9356536;C:\Program Files\Java\jdk-17.0.2\bin\server;C:\Users\77090\.gradle\native\68d5fa5c4cc2d200863cafc0d521ce42e7d3e7ee720ec0a83991735586a16f82\windows-amd64

VM Arguments:
jvm_args: -Xmx64m -Xms64m -Dorg.gradle.appname=gradlew 
java_command: org.gradle.wrapper.GradleWrapperMain app:installDebug -PreactNativeDevServerPort=8081
java_class_path (initial): D:\Code\2024\XinMiao\XinMiao\android\\gradle\wrapper\gradle-wrapper.jar
Launcher Type: SUN_STANDARD

[Global flags]
     intx CICompilerCount                          = 12                                        {product} {ergonomic}
     uint ConcGCThreads                            = 3                                         {product} {ergonomic}
     uint G1ConcRefinementThreads                  = 13                                        {product} {ergonomic}
   size_t G1HeapRegionSize                         = 1048576                                   {product} {ergonomic}
    uintx GCDrainStackTargetSize                   = 64                                        {product} {ergonomic}
   size_t InitialHeapSize                          = 67108864                                  {product} {command line}
   size_t MarkStackSize                            = 4194304                                   {product} {ergonomic}
   size_t MaxHeapSize                              = 67108864                                  {product} {command line}
   size_t MaxNewSize                               = 39845888                                  {product} {ergonomic}
   size_t MinHeapDeltaBytes                        = 1048576                                   {product} {ergonomic}
   size_t MinHeapSize                              = 67108864                                  {product} {command line}
    uintx NonNMethodCodeHeapSize                   = 7602480                                {pd product} {ergonomic}
    uintx NonProfiledCodeHeapSize                  = 122027880                              {pd product} {ergonomic}
    uintx ProfiledCodeHeapSize                     = 122027880                              {pd product} {ergonomic}
    uintx ReservedCodeCacheSize                    = 251658240                              {pd product} {ergonomic}
     bool SegmentedCodeCache                       = true                                      {product} {ergonomic}
   size_t SoftMaxHeapSize                          = 67108864                               {manageable} {ergonomic}
     bool UseCompressedClassPointers               = true                           {product lp64_product} {ergonomic}
     bool UseCompressedOops                        = true                           {product lp64_product} {ergonomic}
     bool UseG1GC                                  = true                                      {product} {ergonomic}
     bool UseLargePagesIndividualAllocation        = false                                  {pd product} {ergonomic}

Logging:
Log output configuration:
 #0: stdout all=warning uptime,level,tags
 #1: stderr all=off uptime,level,tags

Environment Variables:
CLASSPATH=D:\Code\2024\XinMiao\XinMiao\android\\gradle\wrapper\gradle-wrapper.jar
PATH=D:\Code\2024\XinMiao\XinMiao\node_modules\.bin;D:\Code\2024\XinMiao\XinMiao\node_modules\.bin;D:\Code\2024\XinMiao\node_modules\.bin;D:\Code\2024\node_modules\.bin;D:\Code\node_modules\.bin;D:\node_modules\.bin;D:\Tools\nodejs\node_global\node_modules\npm\node_modules\@npmcli\run-script\lib\node-gyp-bin;C:\Users\77090\AppData\Local\Temp\yarn--1707485845865-0.28937140736161315;D:\Code\2024\XinMiao\XinMiao\node_modules\.bin;C:\Users\77090\AppData\Local\Yarn\Data\link\node_modules\.bin;D:\Tools\nodejs\node_global\bin;C:\Program Files\libexec\lib\node_modules\npm\bin\node-gyp-bin;C:\Program Files\lib\node_modules\npm\bin\node-gyp-bin;C:\Program Files\nodejs\node_modules\npm\bin\node-gyp-bin;D:\Tools\Git\mingw64\bin;D:\Tools\Git\usr\bin;C:\Users\77090\bin;C:\Program Files\NVIDIA GPU Computing Toolkit\CUDA\v12.1\bin;C:\Program Files\NVIDIA GPU Computing Toolkit\CUDA\v12.1\libnvvp;C:\Program Files (x86)\Common Files\Intel\Shared Libraries\redist\intel64\compiler;C:\Program Files\Common Files\Oracle\Java\javapath;C:\Program Files (x86)\Common Files\Oracle\Java\javapath;C:\Windows\system32;C:\Windows;C:\Windows\System32\Wbem;C:\Windows\System32\WindowsPowerShell\v1.0;C:\Windows\System32\OpenSSH;C:\Program Files (x86)\NVIDIA Corporation\PhysX\Common;C:\Program Files\NVIDIA Corporation\NVIDIA NvDLISR;D:\Tools\Git\cmd;D:\Tools\XShell 7;C:\Program Files\dotnet;C:\Program Files\NVIDIA Corporation\Nsight Compute 2023.1.0;D:\Tools\MinGW\bin;C:\WINDOWS\system32;C:\WINDOWS;C:\WINDOWS\System32\Wbem;C:\WINDOWS\System32\WindowsPowerShell\v1.0;C:\WINDOWS\System32\OpenSSH;D:\Tools\Xftp;C:\Program Files\Azure Data Studio\bin;C:\Program Files (x86)\Microsoft SQL Server\160\Tools\Binn;C:\Program Files\Microsoft SQL Server\160\Tools\Binn;C:\Program Files\Microsoft SQL Server\Client SDK\ODBC\170\Tools\Binn;C:\Program Files\Microsoft SQL Server\160\DTS\Binn;C:\Users\77090\AppData\Roaming\nvm;C:\Program Files\nodejs;D:\Tools\nodejs\node_global;C:\Users\77090\AppData\Local\Microsoft\WindowsApps
USERNAME=77090
LANG=en_US.UTF-8
OS=Windows_NT
PROCESSOR_IDENTIFIER=AMD64 Family 25 Model 80 Stepping 0, AuthenticAMD



---------------  S Y S T E M  ---------------

OS:
 Windows 11 , 64 bit Build 23620 (10.0.23620.1000)
OS uptime: 5 days 5:08 hours
Hyper-V role detected

CPU: total 16 (initial active 16) (16 cores per cpu, 2 threads per core) family 25 model 80 stepping 0 microcode 0x0, cx8, cmov, fxsr, ht, mmx, 3dnowpref, sse, sse2, sse3, ssse3, sse4a, sse4.1, sse4.2, popcnt, lzcnt, tsc, tscinvbit, avx, avx2, aes, erms, clmul, bmi1, bmi2, adx, sha, fma, vzeroupper, clflush, clflushopt, hv

Memory: 4k page, system-wide physical 14188M (1034M free)
TotalPageFile size 36379M (AvailPageFile size 795M)
current process WorkingSet (physical memory assigned to process): 58M, peak: 89M
current process commit charge ("private bytes"): 172M, peak: 175M

vm_info: Java HotSpot(TM) 64-Bit Server VM (17.0.2+8-LTS-86) for windows-amd64 JRE (17.0.2+8-LTS-86), built on Dec  7 2021 21:51:03 by "mach5one" with MS VC++ 16.8 / 16.9 (VS2019)

END.
